Info 0    [22:18:38.694] Format host information updated
Info 1    [22:18:38.694] reload projects.
Info 2    [22:18:38.695] Structure before ensureProjectForOpenFiles:
Info 3    [22:18:38.695] Structure after ensureProjectForOpenFiles:
Info 4    [22:18:38.695] Host file extension mappings updated
Info 5    [22:18:38.744] Search path: /System/Volumes/Data/Area/Cursos/Contas/javaweb/projetos/workspace/quizProf/src/main/webapp
Info 6    [22:18:38.750] For info: /System/Volumes/Data/Area/Cursos/Contas/javaweb/projetos/workspace/quizProf/src/main/webapp/index.html :: No config files found.
Info 7    [22:18:38.754] Loading global plugin @angular/language-service
Info 8    [22:18:38.755] Enabling plugin @angular/language-service from candidate paths: /Applications/Eclipse-4.13.app/Contents/Eclipse/plugins/org.eclipse.wildwebdeveloper_0.5.2.201911072316/language-servers/node_modules/typescript/lib/tsserverlibrary.js/../../..,/Applications/Eclipse-4.13.app/Contents/Eclipse/plugins/org.eclipse.wildwebdeveloper_0.5.2.201911072316/language-servers/node_modules/@angular/language-service
Info 9    [22:18:38.755] Loading @angular/language-service from /Applications/Eclipse-4.13.app/Contents/Eclipse/plugins/org.eclipse.wildwebdeveloper_0.5.2.201911072316/language-servers/node_modules/typescript/lib/tsserverlibrary.js/../../.. (resolved to /Applications/Eclipse-4.13.app/Contents/Eclipse/plugins/org.eclipse.wildwebdeveloper_0.5.2.201911072316/language-servers/node_modules/node_modules)
Info 10   [22:18:38.907] Plugin validation succeded
Info 11   [22:18:38.912] Starting updateGraphWorker: Project: /dev/null/inferredProject1*
Info 12   [22:18:40.440] Finishing updateGraphWorker: Project: /dev/null/inferredProject1* Version: 1 structureChanged: true Elapsed: 1528ms
Info 13   [22:18:40.441] Project '/dev/null/inferredProject1*' (Inferred) 
Info 14   [22:18:40.441] 	Files (6)

Info 15   [22:18:40.441] -----------------------------------------------
Info 16   [22:18:43.473] Search path: /System/Volumes/Data/Area/Cursos/Contas/javaweb/projetos/workspace/quizProf/src/main/webapp
Info 17   [22:18:43.474] For info: /System/Volumes/Data/Area/Cursos/Contas/javaweb/projetos/workspace/quizProf/src/main/webapp/paginaDeSucesso.html :: No config files found.
Info 18   [22:18:43.475] Starting updateGraphWorker: Project: /dev/null/inferredProject1*
Info 19   [22:18:43.485] Finishing updateGraphWorker: Project: /dev/null/inferredProject1* Version: 2 structureChanged: true Elapsed: 10ms
Info 20   [22:18:43.485] Project '/dev/null/inferredProject1*' (Inferred) 
Info 21   [22:18:43.485] 	Files (7)

Info 22   [22:18:43.485] -----------------------------------------------
