Info 0    [19:55:7.867] Format host information updated
Info 1    [19:55:7.868] reload projects.
Info 2    [19:55:7.868] Structure before ensureProjectForOpenFiles:
Info 3    [19:55:7.868] Structure after ensureProjectForOpenFiles:
Info 4    [19:55:7.868] Host file extension mappings updated
Info 5    [19:55:9.708] Search path: /System/Volumes/Data/Area/Cursos/Contas/javaweb/projetos/workspace/quizProf/src/main/webapp
Info 6    [19:55:9.710] For info: /System/Volumes/Data/Area/Cursos/Contas/javaweb/projetos/workspace/quizProf/src/main/webapp/index.html :: No config files found.
Info 7    [19:55:9.712] Loading global plugin @angular/language-service
Info 8    [19:55:9.712] Enabling plugin @angular/language-service from candidate paths: /Applications/Eclipse-4.13.app/Contents/Eclipse/plugins/org.eclipse.wildwebdeveloper_0.5.2.201911072316/language-servers/node_modules/typescript/lib/tsserverlibrary.js/../../..,/Applications/Eclipse-4.13.app/Contents/Eclipse/plugins/org.eclipse.wildwebdeveloper_0.5.2.201911072316/language-servers/node_modules/@angular/language-service
Info 9    [19:55:9.712] Loading @angular/language-service from /Applications/Eclipse-4.13.app/Contents/Eclipse/plugins/org.eclipse.wildwebdeveloper_0.5.2.201911072316/language-servers/node_modules/typescript/lib/tsserverlibrary.js/../../.. (resolved to /Applications/Eclipse-4.13.app/Contents/Eclipse/plugins/org.eclipse.wildwebdeveloper_0.5.2.201911072316/language-servers/node_modules/node_modules)
Info 10   [19:55:9.903] Plugin validation succeded
Info 11   [19:55:9.908] Starting updateGraphWorker: Project: /dev/null/inferredProject1*
Info 12   [19:55:11.305] Finishing updateGraphWorker: Project: /dev/null/inferredProject1* Version: 1 structureChanged: true Elapsed: 1397ms
Info 13   [19:55:11.305] Project '/dev/null/inferredProject1*' (Inferred) 
Info 14   [19:55:11.305] 	Files (6)

Info 15   [19:55:11.305] -----------------------------------------------
Info 16   [20:18:36.258] Search path: /System/Volumes/Data/Area/Cursos/Contas/javaweb/projetos/workspace/quizProf/src/main/webapp
Info 17   [20:18:36.259] For info: /System/Volumes/Data/Area/Cursos/Contas/javaweb/projetos/workspace/quizProf/src/main/webapp/index.html :: No config files found.
Info 18   [20:18:36.259] Starting updateGraphWorker: Project: /dev/null/inferredProject1*
Info 19   [20:18:36.279] Finishing updateGraphWorker: Project: /dev/null/inferredProject1* Version: 2 structureChanged: false Elapsed: 20ms
Info 20   [20:18:36.279] Project '/dev/null/inferredProject1*' (Inferred) 
Info 21   [20:18:36.279] 	Files (6)

Info 22   [20:18:36.279] -----------------------------------------------
Info 23   [20:19:6.754] Search path: /System/Volumes/Data/Area/Cursos/Contas/javaweb/projetos/workspace/quizProf/src/main/webapp
Info 24   [20:19:6.755] For info: /System/Volumes/Data/Area/Cursos/Contas/javaweb/projetos/workspace/quizProf/src/main/webapp/index.html :: No config files found.
Info 25   [20:19:6.755] Starting updateGraphWorker: Project: /dev/null/inferredProject1*
Info 26   [20:19:6.770] Finishing updateGraphWorker: Project: /dev/null/inferredProject1* Version: 3 structureChanged: false Elapsed: 15ms
Info 27   [20:19:6.770] Project '/dev/null/inferredProject1*' (Inferred) 
Info 28   [20:19:6.770] 	Files (6)

Info 29   [20:19:6.771] -----------------------------------------------
Info 30   [20:19:8.322] Search path: /System/Volumes/Data/Area/Cursos/Contas/javaweb/projetos/workspace/quizProf/src/main/webapp
Info 31   [20:19:8.322] For info: /System/Volumes/Data/Area/Cursos/Contas/javaweb/projetos/workspace/quizProf/src/main/webapp/index.html :: No config files found.
Info 32   [20:19:8.322] Starting updateGraphWorker: Project: /dev/null/inferredProject1*
Info 33   [20:19:8.335] Finishing updateGraphWorker: Project: /dev/null/inferredProject1* Version: 4 structureChanged: false Elapsed: 13ms
Info 34   [20:19:8.335] Project '/dev/null/inferredProject1*' (Inferred) 
Info 35   [20:19:8.335] 	Files (6)

Info 36   [20:19:8.335] -----------------------------------------------
Info 37   [20:19:11.383] Search path: /System/Volumes/Data/Area/Cursos/Contas/javaweb/projetos/workspace/quizProf/src/main/webapp
Info 38   [20:19:11.383] For info: /System/Volumes/Data/Area/Cursos/Contas/javaweb/projetos/workspace/quizProf/src/main/webapp/index.html :: No config files found.
Info 39   [20:19:11.383] Starting updateGraphWorker: Project: /dev/null/inferredProject1*
Info 40   [20:19:11.405] Finishing updateGraphWorker: Project: /dev/null/inferredProject1* Version: 5 structureChanged: false Elapsed: 22ms
Info 41   [20:19:11.405] Project '/dev/null/inferredProject1*' (Inferred) 
Info 42   [20:19:11.405] 	Files (6)

Info 43   [20:19:11.405] -----------------------------------------------
Info 44   [20:36:27.134] Search path: /System/Volumes/Data/Area/Cursos/Contas/javaweb/projetos/workspace/quizProf/src/main/webapp
Info 45   [20:36:27.134] For info: /System/Volumes/Data/Area/Cursos/Contas/javaweb/projetos/workspace/quizProf/src/main/webapp/index.html :: No config files found.
Info 46   [20:36:27.134] Starting updateGraphWorker: Project: /dev/null/inferredProject1*
Info 47   [20:36:27.158] Finishing updateGraphWorker: Project: /dev/null/inferredProject1* Version: 6 structureChanged: false Elapsed: 23ms
Info 48   [20:36:27.158] Project '/dev/null/inferredProject1*' (Inferred) 
Info 49   [20:36:27.158] 	Files (6)

Info 50   [20:36:27.158] -----------------------------------------------
Info 51   [20:36:27.427] Search path: /System/Volumes/Data/Area/Cursos/Contas/javaweb/projetos/workspace/quizProf/src/main/webapp
Info 52   [20:36:27.428] For info: /System/Volumes/Data/Area/Cursos/Contas/javaweb/projetos/workspace/quizProf/src/main/webapp/index.html :: No config files found.
Info 53   [20:36:27.428] Starting updateGraphWorker: Project: /dev/null/inferredProject1*
Info 54   [20:36:27.442] Finishing updateGraphWorker: Project: /dev/null/inferredProject1* Version: 7 structureChanged: false Elapsed: 14ms
Info 55   [20:36:27.442] Project '/dev/null/inferredProject1*' (Inferred) 
Info 56   [20:36:27.442] 	Files (6)

Info 57   [20:36:27.442] -----------------------------------------------
Info 58   [20:36:27.498] Search path: /System/Volumes/Data/Area/Cursos/Contas/javaweb/projetos/workspace/quizProf/src/main/webapp
Info 59   [20:36:27.499] For info: /System/Volumes/Data/Area/Cursos/Contas/javaweb/projetos/workspace/quizProf/src/main/webapp/index.html :: No config files found.
Info 60   [20:36:27.499] Starting updateGraphWorker: Project: /dev/null/inferredProject1*
Info 61   [20:36:27.515] Finishing updateGraphWorker: Project: /dev/null/inferredProject1* Version: 8 structureChanged: false Elapsed: 16ms
Info 62   [20:36:27.515] Project '/dev/null/inferredProject1*' (Inferred) 
Info 63   [20:36:27.515] 	Files (6)

Info 64   [20:36:27.515] -----------------------------------------------
Info 65   [20:36:27.698] Search path: /System/Volumes/Data/Area/Cursos/Contas/javaweb/projetos/workspace/quizProf/src/main/webapp
Info 66   [20:36:27.699] For info: /System/Volumes/Data/Area/Cursos/Contas/javaweb/projetos/workspace/quizProf/src/main/webapp/index.html :: No config files found.
Info 67   [20:36:27.699] Starting updateGraphWorker: Project: /dev/null/inferredProject1*
Info 68   [20:36:27.711] Finishing updateGraphWorker: Project: /dev/null/inferredProject1* Version: 9 structureChanged: false Elapsed: 12ms
Info 69   [20:36:27.711] Project '/dev/null/inferredProject1*' (Inferred) 
Info 70   [20:36:27.712] 	Files (6)

Info 71   [20:36:27.712] -----------------------------------------------
Info 72   [20:37:32.6] Search path: /System/Volumes/Data/Area/Cursos/Contas/javaweb/projetos/workspace/quizProf/src/main/webapp
Info 73   [20:37:32.6] For info: /System/Volumes/Data/Area/Cursos/Contas/javaweb/projetos/workspace/quizProf/src/main/webapp/paginaDeErro.html :: No config files found.
Info 74   [20:37:32.8] Starting updateGraphWorker: Project: /dev/null/inferredProject1*
Info 75   [20:37:32.32] Finishing updateGraphWorker: Project: /dev/null/inferredProject1* Version: 10 structureChanged: true Elapsed: 24ms
Info 76   [20:37:32.32] Project '/dev/null/inferredProject1*' (Inferred) 
Info 77   [20:37:32.32] 	Files (7)

Info 78   [20:37:32.32] -----------------------------------------------
Info 79   [20:37:35.739] Search path: /System/Volumes/Data/Area/Cursos/Contas/javaweb/projetos/workspace/quizProf/src/main/webapp
Info 80   [20:37:35.739] For info: /System/Volumes/Data/Area/Cursos/Contas/javaweb/projetos/workspace/quizProf/src/main/webapp/paginaDeErro.html :: No config files found.
Info 81   [20:37:35.740] Starting updateGraphWorker: Project: /dev/null/inferredProject1*
Info 82   [20:37:35.748] Finishing updateGraphWorker: Project: /dev/null/inferredProject1* Version: 11 structureChanged: false Elapsed: 8ms
Info 83   [20:37:35.748] Project '/dev/null/inferredProject1*' (Inferred) 
Info 84   [20:37:35.748] 	Files (7)

Info 85   [20:37:35.748] -----------------------------------------------
Info 86   [20:37:38.797] Search path: /System/Volumes/Data/Area/Cursos/Contas/javaweb/projetos/workspace/quizProf/src/main/webapp
Info 87   [20:37:38.797] For info: /System/Volumes/Data/Area/Cursos/Contas/javaweb/projetos/workspace/quizProf/src/main/webapp/paginaDeSucesso.html :: No config files found.
Info 88   [20:37:38.798] Starting updateGraphWorker: Project: /dev/null/inferredProject1*
Info 89   [20:37:38.810] Finishing updateGraphWorker: Project: /dev/null/inferredProject1* Version: 12 structureChanged: true Elapsed: 12ms
Info 90   [20:37:38.810] Project '/dev/null/inferredProject1*' (Inferred) 
Info 91   [20:37:38.810] 	Files (8)

Info 92   [20:37:38.810] -----------------------------------------------
Info 93   [20:37:42.179] Search path: /System/Volumes/Data/Area/Cursos/Contas/javaweb/projetos/workspace/quizProf/src/main/webapp
Info 94   [20:37:42.179] For info: /System/Volumes/Data/Area/Cursos/Contas/javaweb/projetos/workspace/quizProf/src/main/webapp/paginaDeSucesso.html :: No config files found.
Info 95   [20:37:42.179] Starting updateGraphWorker: Project: /dev/null/inferredProject1*
Info 96   [20:37:42.192] Finishing updateGraphWorker: Project: /dev/null/inferredProject1* Version: 13 structureChanged: false Elapsed: 13ms
Info 97   [20:37:42.192] Project '/dev/null/inferredProject1*' (Inferred) 
Info 98   [20:37:42.192] 	Files (8)

Info 99   [20:37:42.192] -----------------------------------------------
